[34m[#info 2023-09-05 18:15:40#] Server is up and running! [][0m
[34m[#info 2023-09-05 18:15:40#] Server is up and running! [][0m
[34m[#info 2023-09-05 18:15:40#] Server is up and running! [][0m
[34m[#info 2023-09-05 18:15:40#] Server is up and running! [][0m
[34m[#info 2023-09-05 18:15:41#] Server is up and running! [][0m
[34m[#info 2023-09-05 18:15:41#] Server is up and running! [][0m
[34m[#info 2023-09-05 18:15:41#] Server is up and running! [][0m
[34m[#info 2023-09-05 18:15:41#] Server is up and running! [][0m
[34m[#info 2023-09-05 18:15:41#] Server is up and running! [][0m
[34m[#info 2023-09-05 18:15:41#] Server is up and running! [][0m
[34m[#info 2023-09-05 18:15:41#] Server is up and running! [][0m
[34m[#info 2023-09-05 18:15:41#] Server is up and running! [][0m
[34m[#info 2023-09-05 18:15:41#] Server is up and running! [][0m
[34m[#info 2023-09-05 18:15:41#] Server is up and running! [][0m
[34m[#info 2023-09-05 18:15:49#] Server is up and running! [][0m
[34m[#info 2023-09-05 18:15:49#] Server is up and running! [][0m
[34m[#info 2023-09-05 18:15:49#] Server is up and running! [][0m
[34m[#info 2023-09-05 18:15:49#] Server is up and running! [][0m
[34m[#info 2023-09-05 18:15:49#] Server is up and running! [][0m
[34m[#info 2023-09-05 18:15:49#] Server is up and running! [][0m
[33m[#warning 2023-09-05 19:19:52#] RepoScribe\Routing\Router::match(): Return value must be of type ?string, array returned [][0m
[33m[#warning 2023-09-05 19:19:53#] RepoScribe\Routing\Router::match(): Return value must be of type ?string, array returned [][0m
[33m[#warning 2023-09-05 19:19:54#] RepoScribe\Routing\Router::match(): Return value must be of type ?string, array returned [][0m
[33m[#warning 2023-09-05 19:19:54#] RepoScribe\Routing\Router::match(): Return value must be of type ?string, array returned [][0m
[33m[#warning 2023-09-05 19:19:54#] RepoScribe\Routing\Router::match(): Return value must be of type ?string, array returned [][0m
[33m[#warning 2023-09-05 19:19:54#] RepoScribe\Routing\Router::match(): Return value must be of type ?string, array returned [][0m
[33m[#warning 2023-09-05 19:19:54#] RepoScribe\Routing\Router::match(): Return value must be of type ?string, array returned [][0m
[33m[#warning 2023-09-05 19:22:01#] RepoScribe\Routing\Router::match(): Return value must be of type ?string, array returned [][0m
[33m[#warning 2023-09-05 19:22:02#] RepoScribe\Routing\Router::match(): Return value must be of type ?string, array returned [][0m
[31m[#error 2023-09-05 19:27:37#] Optional parameter $data declared before required parameter $response is implicitly treated as a required parameter in /var/www/html/src/Controllers/BaseController.php on line 20 [][0m
[33m[#warning 2023-09-05 19:27:37#] RepoScribe\Routing\Router::match(): Return value must be of type ?string, array returned [][0m
[31m[#error 2023-09-05 19:27:37#] Optional parameter $data declared before required parameter $response is implicitly treated as a required parameter in /var/www/html/src/Controllers/BaseController.php on line 20 [][0m
[31m[#error 2023-09-05 19:27:38#] Optional parameter $data declared before required parameter $response is implicitly treated as a required parameter in /var/www/html/src/Controllers/BaseController.php on line 20 [][0m
[33m[#warning 2023-09-05 19:27:38#] RepoScribe\Routing\Router::match(): Return value must be of type ?string, array returned [][0m
[31m[#error 2023-09-05 19:27:38#] Optional parameter $data declared before required parameter $response is implicitly treated as a required parameter in /var/www/html/src/Controllers/BaseController.php on line 20 [][0m
[31m[#error 2023-09-05 19:27:40#] Optional parameter $data declared before required parameter $response is implicitly treated as a required parameter in /var/www/html/src/Controllers/BaseController.php on line 20 [][0m
[33m[#warning 2023-09-05 19:27:40#] RepoScribe\Routing\Router::match(): Return value must be of type ?string, array returned [][0m
[31m[#error 2023-09-05 19:27:40#] Optional parameter $data declared before required parameter $response is implicitly treated as a required parameter in /var/www/html/src/Controllers/BaseController.php on line 20 [][0m
[31m[#error 2023-09-05 19:27:41#] Optional parameter $data declared before required parameter $response is implicitly treated as a required parameter in /var/www/html/src/Controllers/BaseController.php on line 20 [][0m
[33m[#warning 2023-09-05 19:27:41#] RepoScribe\Routing\Router::match(): Return value must be of type ?string, array returned [][0m
[31m[#error 2023-09-05 19:27:41#] Optional parameter $data declared before required parameter $response is implicitly treated as a required parameter in /var/www/html/src/Controllers/BaseController.php on line 20 [][0m
[31m[#error 2023-09-05 19:27:44#] Optional parameter $data declared before required parameter $response is implicitly treated as a required parameter in /var/www/html/src/Controllers/BaseController.php on line 20 [][0m
[33m[#warning 2023-09-05 19:27:44#] RepoScribe\Routing\Router::match(): Return value must be of type ?string, array returned [][0m
[31m[#error 2023-09-05 19:27:44#] Optional parameter $data declared before required parameter $response is implicitly treated as a required parameter in /var/www/html/src/Controllers/BaseController.php on line 20 [][0m
[31m[#error 2023-09-05 19:27:45#] Optional parameter $data declared before required parameter $response is implicitly treated as a required parameter in /var/www/html/src/Controllers/BaseController.php on line 20 [][0m
[33m[#warning 2023-09-05 19:27:45#] RepoScribe\Routing\Router::match(): Return value must be of type ?string, array returned [][0m
[31m[#error 2023-09-05 19:27:45#] Optional parameter $data declared before required parameter $response is implicitly treated as a required parameter in /var/www/html/src/Controllers/BaseController.php on line 20 [][0m
[31m[#error 2023-09-05 19:29:58#] Optional parameter $data declared before required parameter $response is implicitly treated as a required parameter in /var/www/html/src/Controllers/BaseController.php on line 20 [][0m
[33m[#warning 2023-09-05 19:29:58#] RepoScribe\Routing\Router::match(): Return value must be of type ?string, array returned [][0m
[31m[#error 2023-09-05 19:29:58#] Optional parameter $data declared before required parameter $response is implicitly treated as a required parameter in /var/www/html/src/Controllers/BaseController.php on line 20 [][0m
[31m[#error 2023-09-05 19:29:59#] Optional parameter $data declared before required parameter $response is implicitly treated as a required parameter in /var/www/html/src/Controllers/BaseController.php on line 20 [][0m
[33m[#warning 2023-09-05 19:29:59#] RepoScribe\Routing\Router::match(): Return value must be of type ?string, array returned [][0m
[31m[#error 2023-09-05 19:29:59#] Optional parameter $data declared before required parameter $response is implicitly treated as a required parameter in /var/www/html/src/Controllers/BaseController.php on line 20 [][0m
[31m[#error 2023-09-05 19:30:27#] Optional parameter $data declared before required parameter $response is implicitly treated as a required parameter in /var/www/html/src/Controllers/BaseController.php on line 20 [][0m
[33m[#warning 2023-09-05 19:30:27#] RepoScribe\Routing\Router::match(): Return value must be of type ?string, array returned [][0m
[31m[#error 2023-09-05 19:30:27#] Optional parameter $data declared before required parameter $response is implicitly treated as a required parameter in /var/www/html/src/Controllers/BaseController.php on line 20 [][0m
[31m[#error 2023-09-05 19:31:04#] Optional parameter $data declared before required parameter $response is implicitly treated as a required parameter in /var/www/html/src/Controllers/BaseController.php on line 20 [][0m
[33m[#warning 2023-09-05 19:31:04#] RepoScribe\Routing\Router::match(): Return value must be of type ?string, array returned [][0m
[31m[#error 2023-09-05 19:31:05#] Optional parameter $data declared before required parameter $response is implicitly treated as a required parameter in /var/www/html/src/Controllers/BaseController.php on line 20 [][0m
[31m[#error 2023-09-05 19:31:05#] Optional parameter $data declared before required parameter $response is implicitly treated as a required parameter in /var/www/html/src/Controllers/BaseController.php on line 20 [][0m
[33m[#warning 2023-09-05 19:31:05#] RepoScribe\Routing\Router::match(): Return value must be of type ?string, array returned [][0m
[31m[#error 2023-09-05 19:31:05#] Optional parameter $data declared before required parameter $response is implicitly treated as a required parameter in /var/www/html/src/Controllers/BaseController.php on line 20 [][0m
[31m[#error 2023-09-05 19:31:05#] Optional parameter $data declared before required parameter $response is implicitly treated as a required parameter in /var/www/html/src/Controllers/BaseController.php on line 20 [][0m
[33m[#warning 2023-09-05 19:31:05#] RepoScribe\Routing\Router::match(): Return value must be of type ?string, array returned [][0m
[31m[#error 2023-09-05 19:31:05#] Optional parameter $data declared before required parameter $response is implicitly treated as a required parameter in /var/www/html/src/Controllers/BaseController.php on line 20 [][0m
[31m[#error 2023-09-05 19:31:06#] Optional parameter $data declared before required parameter $response is implicitly treated as a required parameter in /var/www/html/src/Controllers/BaseController.php on line 20 [][0m
[33m[#warning 2023-09-05 19:31:06#] RepoScribe\Routing\Router::match(): Return value must be of type ?string, array returned [][0m
[31m[#error 2023-09-05 19:31:06#] Optional parameter $data declared before required parameter $response is implicitly treated as a required parameter in /var/www/html/src/Controllers/BaseController.php on line 20 [][0m
[31m[#error 2023-09-05 19:31:06#] Optional parameter $data declared before required parameter $response is implicitly treated as a required parameter in /var/www/html/src/Controllers/BaseController.php on line 20 [][0m
[33m[#warning 2023-09-05 19:31:06#] RepoScribe\Routing\Router::match(): Return value must be of type ?string, array returned [][0m
[31m[#error 2023-09-05 19:31:06#] Optional parameter $data declared before required parameter $response is implicitly treated as a required parameter in /var/www/html/src/Controllers/BaseController.php on line 20 [][0m
[31m[#error 2023-09-05 19:31:06#] Optional parameter $data declared before required parameter $response is implicitly treated as a required parameter in /var/www/html/src/Controllers/BaseController.php on line 20 [][0m
[33m[#warning 2023-09-05 19:31:06#] RepoScribe\Routing\Router::match(): Return value must be of type ?string, array returned [][0m
[31m[#error 2023-09-05 19:31:06#] Optional parameter $data declared before required parameter $response is implicitly treated as a required parameter in /var/www/html/src/Controllers/BaseController.php on line 20 [][0m
[31m[#error 2023-09-05 19:31:06#] Optional parameter $data declared before required parameter $response is implicitly treated as a required parameter in /var/www/html/src/Controllers/BaseController.php on line 20 [][0m
[33m[#warning 2023-09-05 19:31:06#] RepoScribe\Routing\Router::match(): Return value must be of type ?string, array returned [][0m
[31m[#error 2023-09-05 19:31:06#] Optional parameter $data declared before required parameter $response is implicitly treated as a required parameter in /var/www/html/src/Controllers/BaseController.php on line 20 [][0m
[31m[#error 2023-09-05 19:31:07#] Optional parameter $data declared before required parameter $response is implicitly treated as a required parameter in /var/www/html/src/Controllers/BaseController.php on line 20 [][0m
[33m[#warning 2023-09-05 19:31:07#] RepoScribe\Routing\Router::match(): Return value must be of type ?string, array returned [][0m
[31m[#error 2023-09-05 19:31:07#] Optional parameter $data declared before required parameter $response is implicitly treated as a required parameter in /var/www/html/src/Controllers/BaseController.php on line 20 [][0m
[31m[#error 2023-09-05 19:31:07#] Optional parameter $data declared before required parameter $response is implicitly treated as a required parameter in /var/www/html/src/Controllers/BaseController.php on line 20 [][0m
[33m[#warning 2023-09-05 19:31:07#] RepoScribe\Routing\Router::match(): Return value must be of type ?string, array returned [][0m
[31m[#error 2023-09-05 19:31:07#] Optional parameter $data declared before required parameter $response is implicitly treated as a required parameter in /var/www/html/src/Controllers/BaseController.php on line 20 [][0m
[31m[#error 2023-09-05 19:31:07#] Optional parameter $data declared before required parameter $response is implicitly treated as a required parameter in /var/www/html/src/Controllers/BaseController.php on line 20 [][0m
[33m[#warning 2023-09-05 19:31:07#] RepoScribe\Routing\Router::match(): Return value must be of type ?string, array returned [][0m
[31m[#error 2023-09-05 19:31:07#] Optional parameter $data declared before required parameter $response is implicitly treated as a required parameter in /var/www/html/src/Controllers/BaseController.php on line 20 [][0m
[31m[#error 2023-09-05 19:31:07#] Optional parameter $data declared before required parameter $response is implicitly treated as a required parameter in /var/www/html/src/Controllers/BaseController.php on line 20 [][0m
[33m[#warning 2023-09-05 19:31:07#] RepoScribe\Routing\Router::match(): Return value must be of type ?string, array returned [][0m
[31m[#error 2023-09-05 19:31:07#] Optional parameter $data declared before required parameter $response is implicitly treated as a required parameter in /var/www/html/src/Controllers/BaseController.php on line 20 [][0m
[31m[#error 2023-09-05 19:31:08#] Optional parameter $data declared before required parameter $response is implicitly treated as a required parameter in /var/www/html/src/Controllers/BaseController.php on line 20 [][0m
[33m[#warning 2023-09-05 19:31:08#] RepoScribe\Routing\Router::match(): Return value must be of type ?string, array returned [][0m
[31m[#error 2023-09-05 19:31:08#] Optional parameter $data declared before required parameter $response is implicitly treated as a required parameter in /var/www/html/src/Controllers/BaseController.php on line 20 [][0m
[31m[#error 2023-09-05 19:31:08#] Optional parameter $data declared before required parameter $response is implicitly treated as a required parameter in /var/www/html/src/Controllers/BaseController.php on line 20 [][0m
[33m[#warning 2023-09-05 19:31:08#] RepoScribe\Routing\Router::match(): Return value must be of type ?string, array returned [][0m
[31m[#error 2023-09-05 19:31:08#] Optional parameter $data declared before required parameter $response is implicitly treated as a required parameter in /var/www/html/src/Controllers/BaseController.php on line 20 [][0m
[31m[#error 2023-09-05 19:31:09#] Optional parameter $data declared before required parameter $response is implicitly treated as a required parameter in /var/www/html/src/Controllers/BaseController.php on line 20 [][0m
[33m[#warning 2023-09-05 19:31:09#] RepoScribe\Routing\Router::match(): Return value must be of type ?string, array returned [][0m
[31m[#error 2023-09-05 19:31:09#] Optional parameter $data declared before required parameter $response is implicitly treated as a required parameter in /var/www/html/src/Controllers/BaseController.php on line 20 [][0m
[31m[#error 2023-09-05 19:31:09#] Optional parameter $data declared before required parameter $response is implicitly treated as a required parameter in /var/www/html/src/Controllers/BaseController.php on line 20 [][0m
[33m[#warning 2023-09-05 19:31:09#] RepoScribe\Routing\Router::match(): Return value must be of type ?string, array returned [][0m
[31m[#error 2023-09-05 19:31:09#] Optional parameter $data declared before required parameter $response is implicitly treated as a required parameter in /var/www/html/src/Controllers/BaseController.php on line 20 [][0m
[31m[#error 2023-09-05 19:31:09#] Optional parameter $data declared before required parameter $response is implicitly treated as a required parameter in /var/www/html/src/Controllers/BaseController.php on line 20 [][0m
[33m[#warning 2023-09-05 19:31:09#] RepoScribe\Routing\Router::match(): Return value must be of type ?string, array returned [][0m
[31m[#error 2023-09-05 19:31:09#] Optional parameter $data declared before required parameter $response is implicitly treated as a required parameter in /var/www/html/src/Controllers/BaseController.php on line 20 [][0m
[31m[#error 2023-09-05 19:31:09#] Optional parameter $data declared before required parameter $response is implicitly treated as a required parameter in /var/www/html/src/Controllers/BaseController.php on line 20 [][0m
[33m[#warning 2023-09-05 19:31:09#] RepoScribe\Routing\Router::match(): Return value must be of type ?string, array returned [][0m
[31m[#error 2023-09-05 19:31:09#] Optional parameter $data declared before required parameter $response is implicitly treated as a required parameter in /var/www/html/src/Controllers/BaseController.php on line 20 [][0m
[31m[#error 2023-09-05 19:31:09#] Optional parameter $data declared before required parameter $response is implicitly treated as a required parameter in /var/www/html/src/Controllers/BaseController.php on line 20 [][0m
[33m[#warning 2023-09-05 19:31:09#] RepoScribe\Routing\Router::match(): Return value must be of type ?string, array returned [][0m
[31m[#error 2023-09-05 19:31:10#] Optional parameter $data declared before required parameter $response is implicitly treated as a required parameter in /var/www/html/src/Controllers/BaseController.php on line 20 [][0m
[31m[#error 2023-09-05 19:31:10#] Optional parameter $data declared before required parameter $response is implicitly treated as a required parameter in /var/www/html/src/Controllers/BaseController.php on line 20 [][0m
[33m[#warning 2023-09-05 19:31:10#] RepoScribe\Routing\Router::match(): Return value must be of type ?string, array returned [][0m
[31m[#error 2023-09-05 19:31:10#] Optional parameter $data declared before required parameter $response is implicitly treated as a required parameter in /var/www/html/src/Controllers/BaseController.php on line 20 [][0m
[31m[#error 2023-09-05 19:31:11#] Optional parameter $data declared before required parameter $response is implicitly treated as a required parameter in /var/www/html/src/Controllers/BaseController.php on line 20 [][0m
[33m[#warning 2023-09-05 19:31:11#] RepoScribe\Routing\Router::match(): Return value must be of type ?string, array returned [][0m
[31m[#error 2023-09-05 19:31:11#] Optional parameter $data declared before required parameter $response is implicitly treated as a required parameter in /var/www/html/src/Controllers/BaseController.php on line 20 [][0m
[31m[#error 2023-09-05 19:31:11#] Optional parameter $data declared before required parameter $response is implicitly treated as a required parameter in /var/www/html/src/Controllers/BaseController.php on line 20 [][0m
[33m[#warning 2023-09-05 19:31:11#] RepoScribe\Routing\Router::match(): Return value must be of type ?string, array returned [][0m
[31m[#error 2023-09-05 19:31:11#] Optional parameter $data declared before required parameter $response is implicitly treated as a required parameter in /var/www/html/src/Controllers/BaseController.php on line 20 [][0m
[31m[#error 2023-09-05 19:31:42#] Optional parameter $data declared before required parameter $response is implicitly treated as a required parameter in /var/www/html/src/Controllers/BaseController.php on line 22 [][0m
[33m[#warning 2023-09-05 19:31:42#] RepoScribe\Routing\Router::match(): Return value must be of type ?string, array returned [][0m
[31m[#error 2023-09-05 19:31:42#] Optional parameter $data declared before required parameter $response is implicitly treated as a required parameter in /var/www/html/src/Controllers/BaseController.php on line 22 [][0m
[31m[#error 2023-09-05 19:31:44#] Optional parameter $data declared before required parameter $response is implicitly treated as a required parameter in /var/www/html/src/Controllers/BaseController.php on line 22 [][0m
[33m[#warning 2023-09-05 19:31:44#] RepoScribe\Routing\Router::match(): Return value must be of type ?string, array returned [][0m
[31m[#error 2023-09-05 19:31:44#] Optional parameter $data declared before required parameter $response is implicitly treated as a required parameter in /var/www/html/src/Controllers/BaseController.php on line 22 [][0m
[31m[#error 2023-09-05 19:31:45#] Optional parameter $data declared before required parameter $response is implicitly treated as a required parameter in /var/www/html/src/Controllers/BaseController.php on line 22 [][0m
[33m[#warning 2023-09-05 19:31:45#] RepoScribe\Routing\Router::match(): Return value must be of type ?string, array returned [][0m
[31m[#error 2023-09-05 19:31:45#] Optional parameter $data declared before required parameter $response is implicitly treated as a required parameter in /var/www/html/src/Controllers/BaseController.php on line 22 [][0m
[31m[#error 2023-09-05 19:31:45#] Optional parameter $data declared before required parameter $response is implicitly treated as a required parameter in /var/www/html/src/Controllers/BaseController.php on line 22 [][0m
[33m[#warning 2023-09-05 19:31:45#] RepoScribe\Routing\Router::match(): Return value must be of type ?string, array returned [][0m
[31m[#error 2023-09-05 19:31:45#] Optional parameter $data declared before required parameter $response is implicitly treated as a required parameter in /var/www/html/src/Controllers/BaseController.php on line 22 [][0m
[31m[#error 2023-09-05 19:31:45#] Optional parameter $data declared before required parameter $response is implicitly treated as a required parameter in /var/www/html/src/Controllers/BaseController.php on line 22 [][0m
[33m[#warning 2023-09-05 19:31:45#] RepoScribe\Routing\Router::match(): Return value must be of type ?string, array returned [][0m
[31m[#error 2023-09-05 19:31:45#] Optional parameter $data declared before required parameter $response is implicitly treated as a required parameter in /var/www/html/src/Controllers/BaseController.php on line 22 [][0m
[31m[#error 2023-09-05 19:31:45#] Optional parameter $data declared before required parameter $response is implicitly treated as a required parameter in /var/www/html/src/Controllers/BaseController.php on line 22 [][0m
[33m[#warning 2023-09-05 19:31:45#] RepoScribe\Routing\Router::match(): Return value must be of type ?string, array returned [][0m
[31m[#error 2023-09-05 19:31:45#] Optional parameter $data declared before required parameter $response is implicitly treated as a required parameter in /var/www/html/src/Controllers/BaseController.php on line 22 [][0m
[31m[#error 2023-09-05 19:31:46#] Optional parameter $data declared before required parameter $response is implicitly treated as a required parameter in /var/www/html/src/Controllers/BaseController.php on line 22 [][0m
[33m[#warning 2023-09-05 19:31:46#] RepoScribe\Routing\Router::match(): Return value must be of type ?string, array returned [][0m
[31m[#error 2023-09-05 19:31:46#] Optional parameter $data declared before required parameter $response is implicitly treated as a required parameter in /var/www/html/src/Controllers/BaseController.php on line 22 [][0m
[31m[#error 2023-09-05 19:31:46#] Optional parameter $data declared before required parameter $response is implicitly treated as a required parameter in /var/www/html/src/Controllers/BaseController.php on line 22 [][0m
[33m[#warning 2023-09-05 19:31:46#] RepoScribe\Routing\Router::match(): Return value must be of type ?string, array returned [][0m
[31m[#error 2023-09-05 19:31:46#] Optional parameter $data declared before required parameter $response is implicitly treated as a required parameter in /var/www/html/src/Controllers/BaseController.php on line 22 [][0m
[31m[#error 2023-09-05 19:31:46#] Optional parameter $data declared before required parameter $response is implicitly treated as a required parameter in /var/www/html/src/Controllers/BaseController.php on line 22 [][0m
[33m[#warning 2023-09-05 19:31:46#] RepoScribe\Routing\Router::match(): Return value must be of type ?string, array returned [][0m
[31m[#error 2023-09-05 19:31:46#] Optional parameter $data declared before required parameter $response is implicitly treated as a required parameter in /var/www/html/src/Controllers/BaseController.php on line 22 [][0m
[31m[#error 2023-09-05 19:31:46#] Optional parameter $data declared before required parameter $response is implicitly treated as a required parameter in /var/www/html/src/Controllers/BaseController.php on line 22 [][0m
[33m[#warning 2023-09-05 19:31:46#] RepoScribe\Routing\Router::match(): Return value must be of type ?string, array returned [][0m
[31m[#error 2023-09-05 19:31:46#] Optional parameter $data declared before required parameter $response is implicitly treated as a required parameter in /var/www/html/src/Controllers/BaseController.php on line 22 [][0m
[31m[#error 2023-09-05 19:31:58#] Optional parameter $data declared before required parameter $response is implicitly treated as a required parameter in /var/www/html/src/Controllers/BaseController.php on line 22 [][0m
[33m[#warning 2023-09-05 19:31:58#] RepoScribe\Routing\Router::match(): Return value must be of type ?string, array returned [][0m
[31m[#error 2023-09-05 19:31:58#] Optional parameter $data declared before required parameter $response is implicitly treated as a required parameter in /var/www/html/src/Controllers/BaseController.php on line 22 [][0m
[31m[#error 2023-09-05 19:31:59#] Optional parameter $data declared before required parameter $response is implicitly treated as a required parameter in /var/www/html/src/Controllers/BaseController.php on line 22 [][0m
[33m[#warning 2023-09-05 19:31:59#] RepoScribe\Routing\Router::match(): Return value must be of type ?string, array returned [][0m
[31m[#error 2023-09-05 19:31:59#] Optional parameter $data declared before required parameter $response is implicitly treated as a required parameter in /var/www/html/src/Controllers/BaseController.php on line 22 [][0m
[31m[#error 2023-09-05 19:43:04#] Cannot modify header information - headers already sent by (output started at /var/www/html/src/Templating/TemplateEngine.php:12) in /var/www/html/src/Http/Response.php on line 40 [][0m
[31m[#error 2023-09-05 19:43:04#] Cannot modify header information - headers already sent by (output started at /var/www/html/src/Templating/TemplateEngine.php:12) in /var/www/html/src/Http/Response.php on line 40 [][0m
[31m[#error 2023-09-05 19:43:04#] Cannot modify header information - headers already sent by (output started at /var/www/html/src/Templating/TemplateEngine.php:12) in /var/www/html/src/Http/Response.php on line 40 [][0m
[31m[#error 2023-09-05 19:43:04#] Cannot modify header information - headers already sent by (output started at /var/www/html/src/Templating/TemplateEngine.php:12) in /var/www/html/src/Http/Response.php on line 40 [][0m
[31m[#error 2023-09-05 19:43:04#] Cannot modify header information - headers already sent by (output started at /var/www/html/src/Templating/TemplateEngine.php:12) in /var/www/html/src/Http/Response.php on line 40 [][0m
[33m[#warning 2023-09-05 19:45:19#] Too few arguments to function RepoScribe\Http\Request::getRouteParam(), 0 passed in /var/www/html/src/Controllers/HomeController.php on line 17 and exactly 1 expected [][0m
[33m[#warning 2023-09-05 19:45:19#] Too few arguments to function RepoScribe\Http\Request::getRouteParam(), 0 passed in /var/www/html/src/Controllers/HomeController.php on line 17 and exactly 1 expected [][0m
[33m[#warning 2023-09-05 19:45:20#] Too few arguments to function RepoScribe\Http\Request::getRouteParam(), 0 passed in /var/www/html/src/Controllers/HomeController.php on line 17 and exactly 1 expected [][0m
[33m[#warning 2023-09-05 19:45:20#] Too few arguments to function RepoScribe\Http\Request::getRouteParam(), 0 passed in /var/www/html/src/Controllers/HomeController.php on line 17 and exactly 1 expected [][0m
[33m[#warning 2023-09-05 19:45:20#] Too few arguments to function RepoScribe\Http\Request::getRouteParam(), 0 passed in /var/www/html/src/Controllers/HomeController.php on line 17 and exactly 1 expected [][0m
[33m[#warning 2023-09-05 19:45:20#] Too few arguments to function RepoScribe\Http\Request::getRouteParam(), 0 passed in /var/www/html/src/Controllers/HomeController.php on line 17 and exactly 1 expected [][0m
[33m[#warning 2023-09-05 19:45:20#] Too few arguments to function RepoScribe\Http\Request::getRouteParam(), 0 passed in /var/www/html/src/Controllers/HomeController.php on line 17 and exactly 1 expected [][0m
[33m[#warning 2023-09-05 19:45:20#] Too few arguments to function RepoScribe\Http\Request::getRouteParam(), 0 passed in /var/www/html/src/Controllers/HomeController.php on line 17 and exactly 1 expected [][0m
[33m[#warning 2023-09-05 19:45:21#] Too few arguments to function RepoScribe\Http\Request::getRouteParam(), 0 passed in /var/www/html/src/Controllers/HomeController.php on line 17 and exactly 1 expected [][0m
[33m[#warning 2023-09-05 19:45:48#] RepoScribe\Http\Request::getRouteParam(): Argument #1 ($index) must be of type int, string given, called in /var/www/html/src/Controllers/HomeController.php on line 17 [][0m
[33m[#warning 2023-09-05 19:45:49#] RepoScribe\Http\Request::getRouteParam(): Argument #1 ($index) must be of type int, string given, called in /var/www/html/src/Controllers/HomeController.php on line 17 [][0m
[33m[#warning 2023-09-05 19:45:49#] RepoScribe\Http\Request::getRouteParam(): Argument #1 ($index) must be of type int, string given, called in /var/www/html/src/Controllers/HomeController.php on line 17 [][0m
[33m[#warning 2023-09-05 19:45:49#] RepoScribe\Http\Request::getRouteParam(): Argument #1 ($index) must be of type int, string given, called in /var/www/html/src/Controllers/HomeController.php on line 17 [][0m
[33m[#warning 2023-09-05 19:45:49#] RepoScribe\Http\Request::getRouteParam(): Argument #1 ($index) must be of type int, string given, called in /var/www/html/src/Controllers/HomeController.php on line 17 [][0m
[33m[#warning 2023-09-05 19:46:07#] RepoScribe\Controllers\HomeController::render(): Argument #1 ($request) must be of type RepoScribe\Http\Request, string given, called in /var/www/html/src/Controllers/HomeController.php on line 17 [][0m
[33m[#warning 2023-09-05 19:46:08#] RepoScribe\Controllers\HomeController::render(): Argument #1 ($request) must be of type RepoScribe\Http\Request, string given, called in /var/www/html/src/Controllers/HomeController.php on line 17 [][0m
[33m[#warning 2023-09-05 19:46:08#] RepoScribe\Controllers\HomeController::render(): Argument #1 ($request) must be of type RepoScribe\Http\Request, string given, called in /var/www/html/src/Controllers/HomeController.php on line 17 [][0m
[33m[#warning 2023-09-05 19:46:08#] RepoScribe\Controllers\HomeController::render(): Argument #1 ($request) must be of type RepoScribe\Http\Request, string given, called in /var/www/html/src/Controllers/HomeController.php on line 17 [][0m
[33m[#warning 2023-09-05 19:46:08#] RepoScribe\Controllers\HomeController::render(): Argument #1 ($request) must be of type RepoScribe\Http\Request, string given, called in /var/www/html/src/Controllers/HomeController.php on line 17 [][0m
[33m[#warning 2023-09-05 19:46:09#] RepoScribe\Controllers\HomeController::render(): Argument #1 ($request) must be of type RepoScribe\Http\Request, string given, called in /var/www/html/src/Controllers/HomeController.php on line 17 [][0m
[33m[#warning 2023-09-05 19:46:09#] RepoScribe\Controllers\HomeController::render(): Argument #1 ($request) must be of type RepoScribe\Http\Request, string given, called in /var/www/html/src/Controllers/HomeController.php on line 17 [][0m
[33m[#warning 2023-09-05 19:46:09#] RepoScribe\Controllers\HomeController::render(): Argument #1 ($request) must be of type RepoScribe\Http\Request, string given, called in /var/www/html/src/Controllers/HomeController.php on line 17 [][0m
[33m[#warning 2023-09-05 19:46:09#] RepoScribe\Controllers\HomeController::render(): Argument #1 ($request) must be of type RepoScribe\Http\Request, string given, called in /var/www/html/src/Controllers/HomeController.php on line 17 [][0m
[33m[#warning 2023-09-05 19:46:10#] RepoScribe\Controllers\HomeController::render(): Argument #1 ($request) must be of type RepoScribe\Http\Request, string given, called in /var/www/html/src/Controllers/HomeController.php on line 17 [][0m
[33m[#warning 2023-09-05 19:47:42#] RepoScribe\Controllers\HomeController::render(): Argument #1 ($request) must be of type RepoScribe\Http\Request, string given, called in /var/www/html/src/Controllers/HomeController.php on line 17 [][0m
[33m[#warning 2023-09-05 19:48:32#] RepoScribe\Controllers\HomeController::render(): Argument #1 ($request) must be of type RepoScribe\Http\Request, string given, called in /var/www/html/src/Controllers/HomeController.php on line 17 [][0m
[33m[#warning 2023-09-05 19:48:32#] RepoScribe\Controllers\HomeController::render(): Argument #1 ($request) must be of type RepoScribe\Http\Request, string given, called in /var/www/html/src/Controllers/HomeController.php on line 17 [][0m
[33m[#warning 2023-09-05 19:48:33#] RepoScribe\Controllers\HomeController::render(): Argument #1 ($request) must be of type RepoScribe\Http\Request, string given, called in /var/www/html/src/Controllers/HomeController.php on line 17 [][0m
[33m[#warning 2023-09-05 19:48:33#] RepoScribe\Controllers\HomeController::render(): Argument #1 ($request) must be of type RepoScribe\Http\Request, string given, called in /var/www/html/src/Controllers/HomeController.php on line 17 [][0m
[33m[#warning 2023-09-05 19:48:34#] RepoScribe\Controllers\HomeController::render(): Argument #1 ($request) must be of type RepoScribe\Http\Request, string given, called in /var/www/html/src/Controllers/HomeController.php on line 17 [][0m
[33m[#warning 2023-09-05 19:48:34#] RepoScribe\Controllers\HomeController::render(): Argument #1 ($request) must be of type RepoScribe\Http\Request, string given, called in /var/www/html/src/Controllers/HomeController.php on line 17 [][0m
[33m[#warning 2023-09-05 19:48:34#] RepoScribe\Controllers\HomeController::render(): Argument #1 ($request) must be of type RepoScribe\Http\Request, string given, called in /var/www/html/src/Controllers/HomeController.php on line 17 [][0m
[33m[#warning 2023-09-05 19:48:35#] RepoScribe\Controllers\HomeController::render(): Argument #1 ($request) must be of type RepoScribe\Http\Request, string given, called in /var/www/html/src/Controllers/HomeController.php on line 17 [][0m
[33m[#warning 2023-09-05 19:48:35#] RepoScribe\Controllers\HomeController::render(): Argument #1 ($request) must be of type RepoScribe\Http\Request, string given, called in /var/www/html/src/Controllers/HomeController.php on line 17 [][0m
[33m[#warning 2023-09-05 19:48:35#] RepoScribe\Controllers\HomeController::render(): Argument #1 ($request) must be of type RepoScribe\Http\Request, string given, called in /var/www/html/src/Controllers/HomeController.php on line 17 [][0m
[33m[#warning 2023-09-05 19:49:22#] RepoScribe\Controllers\HomeController::render(): Argument #1 ($request) must be of type RepoScribe\Http\Request, string given, called in /var/www/html/src/Controllers/HomeController.php on line 16 [][0m
[31m[#error 2023-09-05 19:49:31#] Cannot modify header information - headers already sent by (output started at /var/www/html/src/Templating/TemplateEngine.php:12) in /var/www/html/src/Http/Response.php on line 40 [][0m
[31m[#error 2023-09-05 19:49:31#] Cannot modify header information - headers already sent by (output started at /var/www/html/src/Templating/TemplateEngine.php:12) in /var/www/html/src/Http/Response.php on line 40 [][0m
[31m[#error 2023-09-05 19:49:31#] Cannot modify header information - headers already sent by (output started at /var/www/html/src/Templating/TemplateEngine.php:12) in /var/www/html/src/Http/Response.php on line 40 [][0m
[31m[#error 2023-09-05 19:49:31#] Cannot modify header information - headers already sent by (output started at /var/www/html/src/Templating/TemplateEngine.php:12) in /var/www/html/src/Http/Response.php on line 40 [][0m
[31m[#error 2023-09-05 19:49:31#] Cannot modify header information - headers already sent by (output started at /var/www/html/src/Templating/TemplateEngine.php:12) in /var/www/html/src/Http/Response.php on line 40 [][0m
[31m[#error 2023-09-05 19:49:56#] Cannot modify header information - headers already sent by (output started at /var/www/html/src/Templating/TemplateEngine.php:12) in /var/www/html/src/Http/Response.php on line 40 [][0m
[31m[#error 2023-09-05 19:49:56#] Cannot modify header information - headers already sent by (output started at /var/www/html/src/Templating/TemplateEngine.php:12) in /var/www/html/src/Http/Response.php on line 40 [][0m
[31m[#error 2023-09-05 19:49:56#] Cannot modify header information - headers already sent by (output started at /var/www/html/src/Templating/TemplateEngine.php:12) in /var/www/html/src/Http/Response.php on line 40 [][0m
[31m[#error 2023-09-05 19:49:56#] Cannot modify header information - headers already sent by (output started at /var/www/html/src/Templating/TemplateEngine.php:12) in /var/www/html/src/Http/Response.php on line 40 [][0m
[31m[#error 2023-09-05 19:49:56#] Cannot modify header information - headers already sent by (output started at /var/www/html/src/Templating/TemplateEngine.php:12) in /var/www/html/src/Http/Response.php on line 40 [][0m
[31m[#error 2023-09-05 19:49:58#] Cannot modify header information - headers already sent by (output started at /var/www/html/src/Templating/TemplateEngine.php:12) in /var/www/html/src/Http/Response.php on line 40 [][0m
[31m[#error 2023-09-05 19:49:58#] Cannot modify header information - headers already sent by (output started at /var/www/html/src/Templating/TemplateEngine.php:12) in /var/www/html/src/Http/Response.php on line 40 [][0m
[31m[#error 2023-09-05 19:49:58#] Cannot modify header information - headers already sent by (output started at /var/www/html/src/Templating/TemplateEngine.php:12) in /var/www/html/src/Http/Response.php on line 40 [][0m
[31m[#error 2023-09-05 19:49:58#] Cannot modify header information - headers already sent by (output started at /var/www/html/src/Templating/TemplateEngine.php:12) in /var/www/html/src/Http/Response.php on line 40 [][0m
[31m[#error 2023-09-05 19:49:58#] Cannot modify header information - headers already sent by (output started at /var/www/html/src/Templating/TemplateEngine.php:12) in /var/www/html/src/Http/Response.php on line 40 [][0m
[33m[#warning 2023-09-07 21:47:12#] RepoScribe\Templating\TemplateEngine::render(): Argument #1 ($data) must be of type array, string given, called in /var/www/html/src/Controllers/BaseController.php on line 23 [][0m
[33m[#warning 2023-09-07 21:47:14#] RepoScribe\Templating\TemplateEngine::render(): Argument #1 ($data) must be of type array, string given, called in /var/www/html/src/Controllers/BaseController.php on line 23 [][0m
